# JRE version: OpenJDK Runtime Environment Temurin-17.0.10+7 (17.0.10+7) (build 17.0.10+7)
# Java VM: OpenJDK 64-Bit Server VM Temurin-17.0.10+7 (17.0.10+7, mixed mode, tiered, compressed oops, compressed class ptrs, parallel gc, windows-amd64)
GC Precious Log:
 CPUs: 12 total, 12 available
 Memory: 7583M
 Large Page Support: Disabled
 NUMA Support: Disabled
 Compressed Oops: Enabled (32-bit)
 Alignments: Space 512K, Generation 512K, Heap 2M
 Heap Min Capacity: 100M
 Heap Initial Capacity: 100M
 Heap Max Capacity: 1G
 Pre-touch: Disabled
 Parallel Workers: 10
Heap:
 PSYoungGen      total 32768K, used 13611K [0x00000000eab00000, 0x00000000ed580000, 0x0000000100000000)
  eden space 23040K, 16% used [0x00000000eab00000,0x00000000eaece478,0x00000000ec180000)
  from space 9728K, 99% used [0x00000000ec180000,0x00000000ecafc958,0x00000000ecb00000)
  to   space 7168K, 0% used [0x00000000ecd00000,0x00000000ecd00000,0x00000000ed400000)
 ParOldGen       total 699392K, used 315868K [0x00000000c0000000, 0x00000000eab00000, 0x00000000eab00000)
  object space 699392K, 45% used [0x00000000c0000000,0x00000000d3477300,0x00000000eab00000)
 Metaspace       used 65041K, committed 66112K, reserved 1114112K
  class space    used 7113K, committed 7552K, reserved 1048576K
GC Heap History (20 events):
Event: 181.802 GC heap before
{Heap before GC invocations=1742 (full 1627):
 PSYoungGen      total 30208K, used 23040K [0x00000000eab00000, 0x00000000ed580000, 0x0000000100000000)
  eden space 23040K, 100% used [0x00000000eab00000,0x00000000ec180000,0x00000000ec180000)
  from space 7168K, 0% used [0x00000000ecd00000,0x00000000ecd00000,0x00000000ed400000)
  to   space 9728K, 0% used [0x00000000ec180000,0x00000000ec180000,0x00000000ecb00000)
 ParOldGen       total 282112K, used 282052K [0x00000000c0000000, 0x00000000d1380000, 0x00000000eab00000)
  object space 282112K, 99% used [0x00000000c0000000,0x00000000d1371050,0x00000000d1380000)
 Metaspace       used 61668K, committed 62720K, reserved 1114112K
  class space    used 6747K, committed 7168K, reserved 1048576K
}
Event: 181.921 GC heap after
{Heap after GC invocations=1742 (full 1627):
 PSYoungGen      total 32768K, used 23039K [0x00000000eab00000, 0x00000000ed580000, 0x0000000100000000)
  eden space 23040K, 99% used [0x00000000eab00000,0x00000000ec17ff88,0x00000000ec180000)
  from space 9728K, 0% used [0x00000000ec180000,0x00000000ec180000,0x00000000ecb00000)
  to   space 7168K, 0% used [0x00000000ecd00000,0x00000000ecd00000,0x00000000ed400000)
 ParOldGen       total 282112K, used 282050K [0x00000000c0000000, 0x00000000d1380000, 0x00000000eab00000)
  object space 282112K, 99% used [0x00000000c0000000,0x00000000d1370a68,0x00000000d1380000)
 Metaspace       used 61668K, committed 62720K, reserved 1114112K
  class space    used 6747K, committed 7168K, reserved 1048576K
}
Event: 181.922 GC heap before
{Heap before GC invocations=1743 (full 1628):
 PSYoungGen      total 32768K, used 23039K [0x00000000eab00000, 0x00000000ed580000, 0x0000000100000000)
  eden space 23040K, 99% used [0x00000000eab00000,0x00000000ec17fff0,0x00000000ec180000)
  from space 9728K, 0% used [0x00000000ec180000,0x00000000ec180000,0x00000000ecb00000)
  to   space 7168K, 0% used [0x00000000ecd00000,0x00000000ecd00000,0x00000000ed400000)
 ParOldGen       total 282112K, used 282050K [0x00000000c0000000, 0x00000000d1380000, 0x00000000eab00000)
  object space 282112K, 99% used [0x00000000c0000000,0x00000000d1370a68,0x00000000d1380000)
 Metaspace       used 61668K, committed 62720K, reserved 1114112K
  class space    used 6747K, committed 7168K, reserved 1048576K
}
Event: 182.020 GC heap after
{Heap after GC invocations=1743 (full 1628):
 PSYoungGen      total 30208K, used 23039K [0x00000000eab00000, 0x00000000ed580000, 0x0000000100000000)
  eden space 23040K, 99% used [0x00000000eab00000,0x00000000ec17fff0,0x00000000ec180000)
  from space 7168K, 0% used [0x00000000ecd00000,0x00000000ecd00000,0x00000000ed400000)
  to   space 9728K, 0% used [0x00000000ec180000,0x00000000ec180000,0x00000000ecb00000)
 ParOldGen       total 282112K, used 282050K [0x00000000c0000000, 0x00000000d1380000, 0x00000000eab00000)
  object space 282112K, 99% used [0x00000000c0000000,0x00000000d1370a68,0x00000000d1380000)
 Metaspace       used 61668K, committed 62720K, reserved 1114112K
  class space    used 6747K, committed 7168K, reserved 1048576K
}
Event: 182.020 GC heap before
{Heap before GC invocations=1744 (full 1629):
 PSYoungGen      total 30208K, used 23040K [0x00000000eab00000, 0x00000000ed580000, 0x0000000100000000)
  eden space 23040K, 100% used [0x00000000eab00000,0x00000000ec180000,0x00000000ec180000)
  from space 7168K, 0% used [0x00000000ecd00000,0x00000000ecd00000,0x00000000ed400000)
  to   space 9728K, 0% used [0x00000000ec180000,0x00000000ec180000,0x00000000ecb00000)
 ParOldGen       total 282112K, used 282053K [0x00000000c0000000, 0x00000000d1380000, 0x00000000eab00000)
  object space 282112K, 99% used [0x00000000c0000000,0x00000000d1371760,0x00000000d1380000)
 Metaspace       used 61668K, committed 62720K, reserved 1114112K
  class space    used 6747K, committed 7168K, reserved 1048576K
}
Event: 182.213 GC heap after
{Heap after GC invocations=1744 (full 1629):
 PSYoungGen      total 32768K, used 23039K [0x00000000eab00000, 0x00000000ed580000, 0x0000000100000000)
  eden space 23040K, 99% used [0x00000000eab00000,0x00000000ec17ffd8,0x00000000ec180000)
  from space 9728K, 0% used [0x00000000ec180000,0x00000000ec180000,0x00000000ecb00000)
  to   space 7168K, 0% used [0x00000000ecd00000,0x00000000ecd00000,0x00000000ed400000)
 ParOldGen       total 282112K, used 282052K [0x00000000c0000000, 0x00000000d1380000, 0x00000000eab00000)
  object space 282112K, 99% used [0x00000000c0000000,0x00000000d1371358,0x00000000d1380000)
 Metaspace       used 61668K, committed 62720K, reserved 1114112K
  class space    used 6747K, committed 7168K, reserved 1048576K
}
Event: 182.214 GC heap before
{Heap before GC invocations=1745 (full 1630):
 PSYoungGen      total 32768K, used 23039K [0x00000000eab00000, 0x00000000ed580000, 0x0000000100000000)
  eden space 23040K, 99% used [0x00000000eab00000,0x00000000ec17fff0,0x00000000ec180000)
  from space 9728K, 0% used [0x00000000ec180000,0x00000000ec180000,0x00000000ecb00000)
  to   space 7168K, 0% used [0x00000000ecd00000,0x00000000ecd00000,0x00000000ed400000)
 ParOldGen       total 282112K, used 282052K [0x00000000c0000000, 0x00000000d1380000, 0x00000000eab00000)
  object space 282112K, 99% used [0x00000000c0000000,0x00000000d1371358,0x00000000d1380000)
 Metaspace       used 61668K, committed 62720K, reserved 1114112K
  class space    used 6747K, committed 7168K, reserved 1048576K
}
Event: 182.318 GC heap after
{Heap after GC invocations=1745 (full 1630):
 PSYoungGen      total 30208K, used 23039K [0x00000000eab00000, 0x00000000ed580000, 0x0000000100000000)
  eden space 23040K, 99% used [0x00000000eab00000,0x00000000ec17fff0,0x00000000ec180000)
  from space 7168K, 0% used [0x00000000ecd00000,0x00000000ecd00000,0x00000000ed400000)
  to   space 9728K, 0% used [0x00000000ec180000,0x00000000ec180000,0x00000000ecb00000)
 ParOldGen       total 282112K, used 282052K [0x00000000c0000000, 0x00000000d1380000, 0x00000000eab00000)
  object space 282112K, 99% used [0x00000000c0000000,0x00000000d1371358,0x00000000d1380000)
 Metaspace       used 61668K, committed 62720K, reserved 1114112K
  class space    used 6747K, committed 7168K, reserved 1048576K
}
Event: 182.319 GC heap before
{Heap before GC invocations=1746 (full 1631):
 PSYoungGen      total 30208K, used 23040K [0x00000000eab00000, 0x00000000ed580000, 0x0000000100000000)
  eden space 23040K, 100% used [0x00000000eab00000,0x00000000ec180000,0x00000000ec180000)
  from space 7168K, 0% used [0x00000000ecd00000,0x00000000ecd00000,0x00000000ed400000)
  to   space 9728K, 0% used [0x00000000ec180000,0x00000000ec180000,0x00000000ecb00000)
 ParOldGen       total 282112K, used 282054K [0x00000000c0000000, 0x00000000d1380000, 0x00000000eab00000)
  object space 282112K, 99% used [0x00000000c0000000,0x00000000d1371a78,0x00000000d1380000)
 Metaspace       used 61668K, committed 62720K, reserved 1114112K
  class space    used 6747K, committed 7168K, reserved 1048576K
}
Event: 182.419 GC heap after
{Heap after GC invocations=1746 (full 1631):
 PSYoungGen      total 32768K, used 23040K [0x00000000eab00000, 0x00000000ed580000, 0x0000000100000000)
  eden space 23040K, 100% used [0x00000000eab00000,0x00000000ec180000,0x00000000ec180000)
  from space 9728K, 0% used [0x00000000ec180000,0x00000000ec180000,0x00000000ecb00000)
  to   space 7168K, 0% used [0x00000000ecd00000,0x00000000ecd00000,0x00000000ed400000)
 ParOldGen       total 282112K, used 282053K [0x00000000c0000000, 0x00000000d1380000, 0x00000000eab00000)
  object space 282112K, 99% used [0x00000000c0000000,0x00000000d1371628,0x00000000d1380000)
 Metaspace       used 61668K, committed 62720K, reserved 1114112K
  class space    used 6747K, committed 7168K, reserved 1048576K
}
Event: 182.420 GC heap before
{Heap before GC invocations=1747 (full 1632):
 PSYoungGen      total 32768K, used 23040K [0x00000000eab00000, 0x00000000ed580000, 0x0000000100000000)
  eden space 23040K, 100% used [0x00000000eab00000,0x00000000ec180000,0x00000000ec180000)
  from space 9728K, 0% used [0x00000000ec180000,0x00000000ec180000,0x00000000ecb00000)
  to   space 7168K, 0% used [0x00000000ecd00000,0x00000000ecd00000,0x00000000ed400000)
 ParOldGen       total 282112K, used 282055K [0x00000000c0000000, 0x00000000d1380000, 0x00000000eab00000)
  object space 282112K, 99% used [0x00000000c0000000,0x00000000d1371f98,0x00000000d1380000)
 Metaspace       used 61668K, committed 62720K, reserved 1114112K
  class space    used 6747K, committed 7168K, reserved 1048576K
}
Event: 182.519 GC heap after
{Heap after GC invocations=1747 (full 1632):
 PSYoungGen      total 30208K, used 23040K [0x00000000eab00000, 0x00000000ed580000, 0x0000000100000000)
  eden space 23040K, 100% used [0x00000000eab00000,0x00000000ec180000,0x00000000ec180000)
  from space 7168K, 0% used [0x00000000ecd00000,0x00000000ecd00000,0x00000000ed400000)
  to   space 9728K, 0% used [0x00000000ec180000,0x00000000ec180000,0x00000000ecb00000)
 ParOldGen       total 282112K, used 282054K [0x00000000c0000000, 0x00000000d1380000, 0x00000000eab00000)
  object space 282112K, 99% used [0x00000000c0000000,0x00000000d1371a00,0x00000000d1380000)
 Metaspace       used 61668K, committed 62720K, reserved 1114112K
  class space    used 6747K, committed 7168K, reserved 1048576K
}
Event: 182.526 GC heap before
{Heap before GC invocations=1748 (full 1633):
 PSYoungGen      total 30208K, used 23040K [0x00000000eab00000, 0x00000000ed580000, 0x0000000100000000)
  eden space 23040K, 100% used [0x00000000eab00000,0x00000000ec180000,0x00000000ec180000)
  from space 7168K, 0% used [0x00000000ecd00000,0x00000000ecd00000,0x00000000ed400000)
  to   space 9728K, 0% used [0x00000000ec180000,0x00000000ec180000,0x00000000ecb00000)
 ParOldGen       total 282112K, used 282058K [0x00000000c0000000, 0x00000000d1380000, 0x00000000eab00000)
  object space 282112K, 99% used [0x00000000c0000000,0x00000000d13729b0,0x00000000d1380000)
 Metaspace       used 61668K, committed 62720K, reserved 1114112K
  class space    used 6747K, committed 7168K, reserved 1048576K
}
Event: 182.645 GC heap after
{Heap after GC invocations=1748 (full 1633):
 PSYoungGen      total 32768K, used 23039K [0x00000000eab00000, 0x00000000ed580000, 0x0000000100000000)
  eden space 23040K, 99% used [0x00000000eab00000,0x00000000ec17fe80,0x00000000ec180000)
  from space 9728K, 0% used [0x00000000ec180000,0x00000000ec180000,0x00000000ecb00000)
  to   space 7168K, 0% used [0x00000000ecd00000,0x00000000ecd00000,0x00000000ed400000)
 ParOldGen       total 282112K, used 282056K [0x00000000c0000000, 0x00000000d1380000, 0x00000000eab00000)
  object space 282112K, 99% used [0x00000000c0000000,0x00000000d1372248,0x00000000d1380000)
 Metaspace       used 61668K, committed 62720K, reserved 1114112K
  class space    used 6747K, committed 7168K, reserved 1048576K
}
Event: 182.645 GC heap before
{Heap before GC invocations=1749 (full 1634):
 PSYoungGen      total 32768K, used 23039K [0x00000000eab00000, 0x00000000ed580000, 0x0000000100000000)
  eden space 23040K, 99% used [0x00000000eab00000,0x00000000ec17fff8,0x00000000ec180000)
  from space 9728K, 0% used [0x00000000ec180000,0x00000000ec180000,0x00000000ecb00000)
  to   space 7168K, 0% used [0x00000000ecd00000,0x00000000ecd00000,0x00000000ed400000)
 ParOldGen       total 282112K, used 282056K [0x00000000c0000000, 0x00000000d1380000, 0x00000000eab00000)
  object space 282112K, 99% used [0x00000000c0000000,0x00000000d1372248,0x00000000d1380000)
 Metaspace       used 61668K, committed 62720K, reserved 1114112K
  class space    used 6747K, committed 7168K, reserved 1048576K
}
Event: 182.751 GC heap after
{Heap after GC invocations=1749 (full 1634):
 PSYoungGen      total 30208K, used 23039K [0x00000000eab00000, 0x00000000ed580000, 0x0000000100000000)
  eden space 23040K, 99% used [0x00000000eab00000,0x00000000ec17ffb0,0x00000000ec180000)
  from space 7168K, 0% used [0x00000000ecd00000,0x00000000ecd00000,0x00000000ed400000)
  to   space 9728K, 0% used [0x00000000ec180000,0x00000000ec180000,0x00000000ecb00000)
 ParOldGen       total 699392K, used 282056K [0x00000000c0000000, 0x00000000eab00000, 0x00000000eab00000)
  object space 699392K, 40% used [0x00000000c0000000,0x00000000d1372248,0x00000000eab00000)
 Metaspace       used 61668K, committed 62720K, reserved 1114112K
  class space    used 6747K, committed 7168K, reserved 1048576K
}
Event: 182.752 GC heap before
{Heap before GC invocations=1750 (full 1634):
 PSYoungGen      total 30208K, used 23039K [0x00000000eab00000, 0x00000000ed580000, 0x0000000100000000)
  eden space 23040K, 99% used [0x00000000eab00000,0x00000000ec17ffc8,0x00000000ec180000)
  from space 7168K, 0% used [0x00000000ecd00000,0x00000000ecd00000,0x00000000ed400000)
  to   space 9728K, 0% used [0x00000000ec180000,0x00000000ec180000,0x00000000ecb00000)
 ParOldGen       total 699392K, used 282056K [0x00000000c0000000, 0x00000000eab00000, 0x00000000eab00000)
  object space 699392K, 40% used [0x00000000c0000000,0x00000000d1372248,0x00000000eab00000)
 Metaspace       used 61668K, committed 62720K, reserved 1114112K
  class space    used 6747K, committed 7168K, reserved 1048576K
}
Event: 182.775 GC heap after
{Heap after GC invocations=1750 (full 1634):
 PSYoungGen      total 32768K, used 9711K [0x00000000eab00000, 0x00000000ed580000, 0x0000000100000000)
  eden space 23040K, 0% used [0x00000000eab00000,0x00000000eab00000,0x00000000ec180000)
  from space 9728K, 99% used [0x00000000ec180000,0x00000000ecafbec0,0x00000000ecb00000)
  to   space 7168K, 0% used [0x00000000ecd00000,0x00000000ecd00000,0x00000000ed400000)
 ParOldGen       total 699392K, used 295552K [0x00000000c0000000, 0x00000000eab00000, 0x00000000eab00000)
  object space 699392K, 42% used [0x00000000c0000000,0x00000000d20a0258,0x00000000eab00000)
 Metaspace       used 61668K, committed 62720K, reserved 1114112K
  class space    used 6747K, committed 7168K, reserved 1048576K
}
Event: 182.955 GC heap before
{Heap before GC invocations=1751 (full 1634):
 PSYoungGen      total 32768K, used 32751K [0x00000000eab00000, 0x00000000ed580000, 0x0000000100000000)
  eden space 23040K, 100% used [0x00000000eab00000,0x00000000ec180000,0x00000000ec180000)
  from space 9728K, 99% used [0x00000000ec180000,0x00000000ecafbec0,0x00000000ecb00000)
  to   space 7168K, 0% used [0x00000000ecd00000,0x00000000ecd00000,0x00000000ed400000)
 ParOldGen       total 699392K, used 295552K [0x00000000c0000000, 0x00000000eab00000, 0x00000000eab00000)
  object space 699392K, 42% used [0x00000000c0000000,0x00000000d20a0258,0x00000000eab00000)
 Metaspace       used 62688K, committed 63808K, reserved 1114112K
  class space    used 6863K, committed 7296K, reserved 1048576K
}
Event: 182.967 GC heap after
{Heap after GC invocations=1751 (full 1634):
 PSYoungGen      total 30208K, used 7151K [0x00000000eab00000, 0x00000000ed580000, 0x0000000100000000)
  eden space 23040K, 0% used [0x00000000eab00000,0x00000000eab00000,0x00000000ec180000)
  from space 7168K, 99% used [0x00000000ecd00000,0x00000000ed3fbc88,0x00000000ed400000)
  to   space 9728K, 0% used [0x00000000ec180000,0x00000000ec180000,0x00000000ecb00000)
 ParOldGen       total 699392K, used 308689K [0x00000000c0000000, 0x00000000eab00000, 0x00000000eab00000)
  object space 699392K, 44% used [0x00000000c0000000,0x00000000d2d747a8,0x00000000eab00000)
 Metaspace       used 62688K, committed 63808K, reserved 1114112K
  class space    used 6863K, committed 7296K, reserved 1048576K
}

